<?xml version="1.0" encoding="UTF-8"?>
<!-- Generated by org.testng.reporters.JUnitReportReporter -->
<testsuite hostname="DESKTOP-P608RAU" failures="0" tests="6" name="testCase.TC1" time="22.419" errors="0" timestamp="2023-06-30T11:28:29 IST" skipped="0">
  <testcase classname="testCase.TC1" name="display" time="3.149"/>
  <system-out/>
  <testcase classname="testCase.TC1" name="display" time="6.625"/>
  <system-out/>
  <testcase classname="testCase.TC1" name="display" time="3.098"/>
  <system-out/>
  <testcase classname="testCase.TC1" name="display" time="3.152"/>
  <system-out/>
  <testcase classname="testCase.TC1" name="display" time="3.284"/>
  <system-out/>
  <testcase classname="testCase.TC1" name="display" time="3.111"/>
  <system-out/>
</testsuite> <!-- testCase.TC1 -->
