<?xml version="1.0" encoding="UTF-8"?>
<!-- Generated by org.testng.reporters.JUnitReportReporter -->
<testsuite hostname="DESKTOP-P608RAU" failures="0" tests="1" name="utility.takeSS" time="3.052" errors="0" timestamp="2023-06-27T18:14:40 IST" skipped="0">
  <testcase classname="utility.takeSS" name="ScreenShot" time="3.052"/>
  <system-out/>
</testsuite> <!-- utility.takeSS -->
