<?xml version="1.0" encoding="UTF-8"?>
<!-- Generated by org.testng.reporters.JUnitReportReporter -->
<testsuite hostname="DESKTOP-P608RAU" failures="0" tests="6" name="testCase.TC1" time="19.472" errors="0" timestamp="2023-06-28T20:43:08 IST" skipped="0">
  <testcase classname="testCase.TC1" name="display" time="3.019"/>
  <system-out/>
  <testcase classname="testCase.TC1" name="display" time="3.093"/>
  <system-out/>
  <testcase classname="testCase.TC1" name="display" time="2.865"/>
  <system-out/>
  <testcase classname="testCase.TC1" name="display" time="2.926"/>
  <system-out/>
  <testcase classname="testCase.TC1" name="display" time="4.368"/>
  <system-out/>
  <testcase classname="testCase.TC1" name="display" time="3.201"/>
  <system-out/>
</testsuite> <!-- testCase.TC1 -->
