<?xml version="1.0" encoding="UTF-8"?>
<!-- Generated by org.testng.reporters.JUnitReportReporter -->
<testsuite hostname="DESKTOP-P608RAU" failures="0" tests="6" name="testCase.TC1" time="22.627" errors="0" timestamp="2023-06-28T22:16:05 IST" skipped="0">
  <testcase classname="testCase.TC1" name="display" time="2.965"/>
  <system-out/>
  <testcase classname="testCase.TC1" name="display" time="3.077"/>
  <system-out/>
  <testcase classname="testCase.TC1" name="display" time="3.060"/>
  <system-out/>
  <testcase classname="testCase.TC1" name="display" time="2.987"/>
  <system-out/>
  <testcase classname="testCase.TC1" name="display" time="7.603"/>
  <system-out/>
  <testcase classname="testCase.TC1" name="display" time="2.935"/>
  <system-out/>
</testsuite> <!-- testCase.TC1 -->
