<?xml version="1.0" encoding="UTF-8"?>
<!-- Generated by org.testng.reporters.JUnitReportReporter -->
<testsuite hostname="DESKTOP-P608RAU" failures="0" tests="6" name="testCase.TC1" time="22.346" errors="0" timestamp="2023-06-29T12:18:26 IST" skipped="0">
  <testcase classname="testCase.TC1" name="display" time="3.263"/>
  <system-out/>
  <testcase classname="testCase.TC1" name="display" time="5.795"/>
  <system-out/>
  <testcase classname="testCase.TC1" name="display" time="3.360"/>
  <system-out/>
  <testcase classname="testCase.TC1" name="display" time="3.233"/>
  <system-out/>
  <testcase classname="testCase.TC1" name="display" time="3.305"/>
  <system-out/>
  <testcase classname="testCase.TC1" name="display" time="3.390"/>
  <system-out/>
</testsuite> <!-- testCase.TC1 -->
